2014-12-08 20:10:54 INFO  Version:37 - HCANN000001: Hibernate Commons Annotations {4.0.2.Final}
2014-12-08 20:10:55 INFO  Version:41 - HHH000412: Hibernate Core {4.2.2.Final}
2014-12-08 20:10:55 INFO  Environment:239 - HHH000206: hibernate.properties not found
2014-12-08 20:10:55 INFO  Environment:342 - HHH000021: Bytecode provider name : javassist
2014-12-08 20:10:57 INFO  Configuration:1985 - HHH000043: Configuring from resource: /hibernate.cfg.xml
2014-12-08 20:10:57 INFO  Configuration:2004 - HHH000040: Configuration resource: /hibernate.cfg.xml
2014-12-08 20:10:57 INFO  Configuration:2126 - HHH000041: Configured SessionFactory: null
2014-12-08 20:10:58 INFO  DriverManagerConnectionProviderImpl:98 - HHH000402: Using Hibernate built-in connection pool (not for production use!)
2014-12-08 20:10:58 INFO  DriverManagerConnectionProviderImpl:134 - HHH000115: Hibernate connection pool size: 20
2014-12-08 20:10:58 INFO  DriverManagerConnectionProviderImpl:137 - HHH000006: Autocommit mode: false
2014-12-08 20:10:58 INFO  DriverManagerConnectionProviderImpl:151 - HHH000401: using driver [org.postgresql.Driver] at URL [jdbc:postgresql://localhost:5432/acm]
2014-12-08 20:10:58 INFO  DriverManagerConnectionProviderImpl:156 - HHH000046: Connection properties: {user=postgres, password=****, pool_size=1}
2014-12-08 20:11:00 INFO  Dialect:130 - HHH000400: Using dialect: org.hibernate.dialect.PostgreSQLDialect
2014-12-08 20:11:00 INFO  LobCreatorBuilder:120 - HHH000424: Disabling contextual LOB creation as createClob() method threw error : java.lang.reflect.InvocationTargetException
2014-12-08 20:11:02 INFO  TransactionFactoryInitiator:68 - HHH000399: Using default transaction strategy (direct JDBC transactions)
2014-12-08 20:11:02 INFO  ASTQueryTranslatorFactory:48 - HHH000397: Using ASTQueryTranslatorFactory
2014-12-08 20:11:03 INFO  SchemaUpdate:182 - HHH000228: Running hbm2ddl schema update
2014-12-08 20:11:03 INFO  SchemaUpdate:193 - HHH000102: Fetching database metadata
2014-12-08 20:11:03 INFO  SchemaUpdate:205 - HHH000396: Updating schema
2014-12-08 20:11:03 INFO  DatabaseMetaData:146 - HHH000262: Table not found: Contest
2014-12-08 20:11:03 INFO  DatabaseMetaData:146 - HHH000262: Table not found: Team
2014-12-08 20:11:03 INFO  DatabaseMetaData:146 - HHH000262: Table not found: Team_person
2014-12-08 20:11:03 INFO  DatabaseMetaData:146 - HHH000262: Table not found: person
2014-12-08 20:11:03 INFO  DatabaseMetaData:146 - HHH000262: Table not found: person_Contest
2014-12-08 20:11:03 INFO  DatabaseMetaData:146 - HHH000262: Table not found: person_Team
2014-12-08 20:11:03 INFO  DatabaseMetaData:146 - HHH000262: Table not found: Contest
2014-12-08 20:11:03 INFO  DatabaseMetaData:146 - HHH000262: Table not found: Team
2014-12-08 20:11:03 INFO  DatabaseMetaData:146 - HHH000262: Table not found: Team_person
2014-12-08 20:11:03 INFO  DatabaseMetaData:146 - HHH000262: Table not found: person
2014-12-08 20:11:03 INFO  DatabaseMetaData:146 - HHH000262: Table not found: person_Contest
2014-12-08 20:11:03 INFO  DatabaseMetaData:146 - HHH000262: Table not found: person_Team
2014-12-08 20:11:03 INFO  DatabaseMetaData:146 - HHH000262: Table not found: entity_id_seq
2014-12-08 20:11:03 INFO  DatabaseMetaData:146 - HHH000262: Table not found: hibernate_sequence
2014-12-08 20:11:04 INFO  SchemaUpdate:242 - HHH000232: Schema update complete
2014-12-08 20:11:44 INFO  Version:37 - HCANN000001: Hibernate Commons Annotations {4.0.2.Final}
2014-12-08 20:11:44 INFO  Version:41 - HHH000412: Hibernate Core {4.2.2.Final}
2014-12-08 20:11:44 INFO  Environment:239 - HHH000206: hibernate.properties not found
2014-12-08 20:11:44 INFO  Environment:342 - HHH000021: Bytecode provider name : javassist
2014-12-08 20:11:45 INFO  Configuration:1985 - HHH000043: Configuring from resource: /hibernate.cfg.xml
2014-12-08 20:11:45 INFO  Configuration:2004 - HHH000040: Configuration resource: /hibernate.cfg.xml
2014-12-08 20:11:45 INFO  Configuration:2126 - HHH000041: Configured SessionFactory: null
2014-12-08 20:11:45 INFO  DriverManagerConnectionProviderImpl:98 - HHH000402: Using Hibernate built-in connection pool (not for production use!)
2014-12-08 20:11:45 INFO  DriverManagerConnectionProviderImpl:134 - HHH000115: Hibernate connection pool size: 20
2014-12-08 20:11:45 INFO  DriverManagerConnectionProviderImpl:137 - HHH000006: Autocommit mode: false
2014-12-08 20:11:45 INFO  DriverManagerConnectionProviderImpl:151 - HHH000401: using driver [org.postgresql.Driver] at URL [jdbc:postgresql://localhost:5432/acm]
2014-12-08 20:11:45 INFO  DriverManagerConnectionProviderImpl:156 - HHH000046: Connection properties: {user=postgres, password=****, pool_size=1}
2014-12-08 20:11:46 INFO  Dialect:130 - HHH000400: Using dialect: org.hibernate.dialect.PostgreSQLDialect
2014-12-08 20:11:46 INFO  LobCreatorBuilder:120 - HHH000424: Disabling contextual LOB creation as createClob() method threw error : java.lang.reflect.InvocationTargetException
2014-12-08 20:11:47 INFO  TransactionFactoryInitiator:68 - HHH000399: Using default transaction strategy (direct JDBC transactions)
2014-12-08 20:11:47 INFO  ASTQueryTranslatorFactory:48 - HHH000397: Using ASTQueryTranslatorFactory
2014-12-08 20:11:47 INFO  SchemaUpdate:182 - HHH000228: Running hbm2ddl schema update
2014-12-08 20:11:47 INFO  SchemaUpdate:193 - HHH000102: Fetching database metadata
2014-12-08 20:11:48 INFO  SchemaUpdate:205 - HHH000396: Updating schema
2014-12-08 20:11:48 INFO  TableMetadata:65 - HHH000261: Table found: public.contest
2014-12-08 20:11:48 INFO  TableMetadata:66 - HHH000037: Columns: [date, nextcontest_id, name, isregistrationopen, id, registrationtill, registrationfrom, capacity]
2014-12-08 20:11:48 INFO  TableMetadata:68 - HHH000108: Foreign keys: [fk_r4lxckwv6jistt13ncpnff020]
2014-12-08 20:11:48 INFO  TableMetadata:69 - HHH000126: Indexes: [contest_pkey]
2014-12-08 20:11:48 INFO  TableMetadata:65 - HHH000261: Table found: public.team
2014-12-08 20:11:48 INFO  TableMetadata:66 - HHH000037: Columns: [attendscontest_id, iscloneof_id, name, rank, id, state]
2014-12-08 20:11:48 INFO  TableMetadata:68 - HHH000108: Foreign keys: [fk_2tcqv2ae4i4yxyjfm58u7h2mv, fk_b4xvktybv8w3ybbwju0xpgpdu]
2014-12-08 20:11:48 INFO  TableMetadata:69 - HHH000126: Indexes: [team_pkey]
2014-12-08 20:11:48 INFO  TableMetadata:65 - HHH000261: Table found: public.team_person
2014-12-08 20:11:48 INFO  TableMetadata:66 - HHH000037: Columns: [teammembers_id, team_id]
2014-12-08 20:11:48 INFO  TableMetadata:68 - HHH000108: Foreign keys: [fk_hvwkhr3gfdncim5v291q37ln4, fk_5rth1wwrwaghiicj469kf9cfr]
2014-12-08 20:11:48 INFO  TableMetadata:69 - HHH000126: Indexes: [team_person_pkey]
2014-12-08 20:11:48 INFO  TableMetadata:65 - HHH000261: Table found: public.person
2014-12-08 20:11:48 INFO  TableMetadata:66 - HHH000037: Columns: [birthday, university, name, contestmanager, id, coach, email]
2014-12-08 20:11:48 INFO  TableMetadata:68 - HHH000108: Foreign keys: []
2014-12-08 20:11:48 INFO  TableMetadata:69 - HHH000126: Indexes: [person_pkey]
2014-12-08 20:11:48 INFO  TableMetadata:65 - HHH000261: Table found: public.person_contest
2014-12-08 20:11:48 INFO  TableMetadata:66 - HHH000037: Columns: [managedcontests_id, person_id]
2014-12-08 20:11:48 INFO  TableMetadata:68 - HHH000108: Foreign keys: [fk_gn30j6k3yjftb2kpkm591i71m, fk_pkm360yddlg812h59fdo2s3dv]
2014-12-08 20:11:48 INFO  TableMetadata:69 - HHH000126: Indexes: [person_contest_pkey]
2014-12-08 20:11:48 INFO  TableMetadata:65 - HHH000261: Table found: public.person_team
2014-12-08 20:11:48 INFO  TableMetadata:66 - HHH000037: Columns: [coachedteams_id, person_id]
2014-12-08 20:11:48 INFO  TableMetadata:68 - HHH000108: Foreign keys: [fk_ehee4k3kpgxqhxen94ps0iifr, fk_3toyisl0fx2pi6ss6b8eueg8]
2014-12-08 20:11:48 INFO  TableMetadata:69 - HHH000126: Indexes: [uk_3toyisl0fx2pi6ss6b8eueg8, person_team_pkey]
2014-12-08 20:11:48 INFO  SchemaUpdate:242 - HHH000232: Schema update complete
